<?xml version="1.0" encoding="UTF-8"?>
<!-- Generated by org.testng.reporters.JUnitReportReporter -->
<testsuite hostname="CPDK342" failures="0" tests="1" name="test.Run_LoginTestNG" time="4.629" errors="0" timestamp="2025-08-29T11:40:03 IST" skipped="0">
  <testcase classname="test.Run_LoginTestNG" name="f" time="4.629"/>
</testsuite> <!-- test.Run_LoginTestNG -->
